<?xml version="1.0" encoding="UTF-8"?>
<!-- Generated by org.testng.reporters.JUnitReportReporter -->
<testsuite hostname="Spidy" failures="0" tests="1" name="com.comcast.crm.contact_Testngtest.ContactTest" time="17.084" errors="0" timestamp="18 Sept 2024 12:39:37 GMT" skipped="0">
  <testcase classname="com.comcast.crm.contact_Testngtest.ContactTest" name="createContactTest" time="17.084"/>
</testsuite> <!-- com.comcast.crm.contact_Testngtest.ContactTest -->
