<?xml version="1.0" encoding="UTF-8"?>
<!-- Generated by org.testng.reporters.JUnitReportReporter -->
<testsuite hostname="Spidy" failures="0" tests="1" name="com.comcast.crm.contact_Testngtest.ContactTest" time="17.196" errors="0" timestamp="19 Sept 2024 07:38:11 GMT" skipped="0">
  <testcase classname="com.comcast.crm.contact_Testngtest.ContactTest" name="createContactTest" time="17.196"/>
</testsuite> <!-- com.comcast.crm.contact_Testngtest.ContactTest -->
